C:\Program Files (x86)\Microsoft Visual Studio\2019\Community\MSBuild\Microsoft\VC\v160\Microsoft.CppBuild.targets(513,5): warning MSB8028: Ara dizin (x64\Debug\) başka bir projeden (Pong.vcxproj) paylaşılan dosyalar içeriyor. Bu, hatalı temizleme ve yeniden oluşturma davranışına neden olabilir.
  Ball.cpp
D:\Game\Pong\Pong\Ball.h(24,28): warning C4244: 'başlatılıyor': 'float' - 'const int' dönüşümü; veri kaybı olabilir
D:\Game\Pong\Pong\Ball.h(25,24): warning C4244: 'başlatılıyor': 'float' - 'const int' dönüşümü; veri kaybı olabilir
D:\Game\Pong\Pong\Ball.cpp(7,10): warning C4244: '=': 'const int' - 'float' dönüşümü; veri kaybı olabilir
D:\Game\Pong\Pong\Ball.cpp(10,27): warning C4244: '=': 'int' - 'float' dönüşümü; veri kaybı olabilir
D:\Game\Pong\Pong\Ball.cpp(11,28): warning C4244: '=': 'int' - 'float' dönüşümü; veri kaybı olabilir
D:\Game\Pong\Pong\Ball.cpp(54,25): warning C4244: '=': 'int' - 'float' dönüşümü; veri kaybı olabilir
D:\Game\Pong\Pong\Ball.cpp(82,55): warning C4244: '=': 'int' - 'float' dönüşümü; veri kaybı olabilir
D:\Game\Pong\Pong\Ball.cpp(84,15): warning C4244: '=': 'float' - 'int' dönüşümü; veri kaybı olabilir
D:\Game\Pong\Pong\Ball.cpp(108,39): warning C4244: '=': 'int' - 'float' dönüşümü; veri kaybı olabilir
D:\Game\Pong\Pong\Ball.cpp(110,15): warning C4244: '=': 'float' - 'int' dönüşümü; veri kaybı olabilir
D:\Game\Pong\Pong\Ball.cpp(134,21): warning C4244: 'başlatılıyor': 'float' - 'int' dönüşümü; veri kaybı olabilir
D:\Game\Pong\Pong\Ball.cpp(135,19): warning C4244: 'başlatılıyor': 'float' - 'int' dönüşümü; veri kaybı olabilir
D:\Game\Pong\Pong\Ball.cpp(138,33): warning C4244: '-=': 'double' - 'float' dönüşümü; veri kaybı olabilir
D:\Game\Pong\Pong\Ball.cpp(176,27): warning C4244: '=': 'int' - 'float' dönüşümü; veri kaybı olabilir
D:\Game\Pong\Pong\Ball.cpp(177,28): warning C4244: '=': 'int' - 'float' dönüşümü; veri kaybı olabilir
  Game.cpp
D:\Game\Pong\Pong\Ball.h(24,28): warning C4244: 'başlatılıyor': 'float' - 'const int' dönüşümü; veri kaybı olabilir
D:\Game\Pong\Pong\Ball.h(25,24): warning C4244: 'başlatılıyor': 'float' - 'const int' dönüşümü; veri kaybı olabilir
  Source.cpp
D:\Game\Pong\Pong\Ball.h(24,28): warning C4244: 'başlatılıyor': 'float' - 'const int' dönüşümü; veri kaybı olabilir
D:\Game\Pong\Pong\Ball.h(25,24): warning C4244: 'başlatılıyor': 'float' - 'const int' dönüşümü; veri kaybı olabilir
  Kod Üretiliyor...
  Pong.vcxproj -> D:\Game\Pong\x64\Debug\Pongfinity.exe
